#
# There is insufficient memory for the Java Runtime Environment to continue.
# Native memory allocation (mmap) failed to map 264241152 bytes for Failed to commit area from 0x0000000705a00000 to 0x0000000715600000 of length 264241152.
# Possible reasons:
#   The system is out of physical RAM or swap space
#   The process is running with CompressedOops enabled, and the Java Heap may be blocking the growth of the native heap
# Possible solutions:
#   Reduce memory load on the system
#   Increase physical memory or swap space
#   Check if swap backing store is full
#   Decrease Java heap size (-Xmx/-Xms)
#   Decrease number of Java threads
#   Decrease Java thread stack sizes (-Xss)
#   Set larger code cache with -XX:ReservedCodeCacheSize=
# This output file may be truncated or incomplete.
#
#  Out of Memory Error (t:/workspace/open/src/hotspot/os/windows/os_windows.cpp:3269), pid=31992, tid=22112
#
# JRE version:  (11.0+28) (build )
# Java VM: Java HotSpot(TM) 64-Bit Server VM (11+28, mixed mode, aot, sharing, tiered, compressed oops, g1 gc, windows-amd64)
# No core dump will be written. Minidumps are not enabled by default on client versions of Windows
#

---------------  S U M M A R Y ------------

Command Line: -Dfile.encoding=Cp1252 com.usp.testc

Host: Intel(R) Core(TM) i7-6820HQ CPU @ 2.70GHz, 8 cores, 15G,  Windows 10 , 64 bit Build 17134 (10.0.17134.1)
Time: Wed Oct 10 16:14:35 2018 GMT Daylight Time elapsed time: 0 seconds (0d 0h 0m 0s)

---------------  T H R E A D  ---------------

Current thread (0x000002585cbc8800):  JavaThread "Unknown thread" [_thread_in_vm, id=22112, stack(0x000000d0f1b00000,0x000000d0f1c00000)]

Stack: [0x000000d0f1b00000,0x000000d0f1c00000]
Native frames: (J=compiled Java code, j=interpreted, Vv=VM code, C=native code)
V  [jvm.dll+0x63c22a]
V  [jvm.dll+0x7797ef]
V  [jvm.dll+0x77adda]
V  [jvm.dll+0x77b493]
V  [jvm.dll+0x262818]
V  [jvm.dll+0x6396da]
V  [jvm.dll+0x62dfb5]
V  [jvm.dll+0x31699c]
V  [jvm.dll+0x316822]
V  [jvm.dll+0x31c096]
V  [jvm.dll+0x3684af]
V  [jvm.dll+0x367ed0]
V  [jvm.dll+0x2f38b8]
V  [jvm.dll+0x2f4a16]
V  [jvm.dll+0x752db7]
V  [jvm.dll+0x7544ff]
V  [jvm.dll+0x3752e9]
V  [jvm.dll+0x7394b9]
V  [jvm.dll+0x3e46fd]
V  [jvm.dll+0x3e69d1]
C  [javaw.exe+0x3613]
C  [javaw.exe+0x17e2c]
C  [KERNEL32.DLL+0x13034]
C  [ntdll.dll+0x71461]


---------------  P R O C E S S  ---------------

Threads class SMR info:
_java_thread_list=0x000002585ca63ff0, length=0, elements={
}

Java Threads: ( => current thread )

Other Threads:
  0x000002585cbdd800 GCTaskThread "GC Thread#0" [stack: 0x000000d0f1c00000,0x000000d0f1d00000] [id=33744]
  0x000002585cb3e800 ConcurrentGCThread "G1 Main Marker" [stack: 0x000000d0f1d00000,0x000000d0f1e00000] [id=29352]
  0x000002585cc37800 ConcurrentGCThread "G1 Conc#0" [stack: 0x000000d0f1e00000,0x000000d0f1f00000] [id=11680]

[error occurred during error reporting (printing all threads), id 0xc0000005, EXCEPTION_ACCESS_VIOLATION (0xc0000005) at pc=0x00007ffbd1302137]

VM state:not at safepoint (not fully initialized)

VM Mutex/Monitor currently owned by a thread:  ([mutex/lock_event])
[0x000002585cbc5a80] Heap_lock - owner thread: 0x000002585cbc8800

Heap address: 0x0000000705a00000, size: 4006 MB, Compressed Oops mode: Non-zero based: 0x0000000705a00000
Narrow klass base: 0x0000000000000000, Narrow klass shift: 0

GC Heap History (0 events):
No events

Deoptimization events (0 events):
No events

Classes redefined (0 events):
No events

Internal exceptions (0 events):
No events

Events (0 events):
No events


Dynamic libraries:
0x00007ff643120000 - 0x00007ff643167000 	C:\Program Files\Java\jdk-11\bin\javaw.exe
0x00007ffc01850000 - 0x00007ffc01a31000 	C:\Windows\SYSTEM32\ntdll.dll
0x00007ffbffe50000 - 0x00007ffbfff02000 	C:\Windows\System32\KERNEL32.DLL
0x00007ffbfdc20000 - 0x00007ffbfde93000 	C:\Windows\System32\KERNELBASE.dll
0x00007ffbff3c0000 - 0x00007ffbff461000 	C:\Windows\System32\ADVAPI32.dll
0x00007ffbffd90000 - 0x00007ffbffe2e000 	C:\Windows\System32\msvcrt.dll
0x00007ffbffa50000 - 0x00007ffbffaab000 	C:\Windows\System32\sechost.dll
0x00007ffbff5d0000 - 0x00007ffbff6f4000 	C:\Windows\System32\RPCRT4.dll
0x00007ffc01360000 - 0x00007ffc014f0000 	C:\Windows\System32\USER32.dll
0x00007ffbfdfa0000 - 0x00007ffbfdfc0000 	C:\Windows\System32\win32u.dll
0x00007ffbff8a0000 - 0x00007ffbff8c8000 	C:\Windows\System32\GDI32.dll
0x00007ffbfea40000 - 0x00007ffbfebd2000 	C:\Windows\System32\gdi32full.dll
0x00007ffbfdea0000 - 0x00007ffbfdf3f000 	C:\Windows\System32\msvcp_win.dll
0x00007ffbfe8c0000 - 0x00007ffbfe9ba000 	C:\Windows\System32\ucrtbase.dll
0x00007ffbeeb50000 - 0x00007ffbeedb9000 	C:\Windows\WinSxS\amd64_microsoft.windows.common-controls_6595b64144ccf1df_6.0.17134.320_none_fb3d992f3069e403\COMCTL32.dll
0x00007ffbf0d60000 - 0x00007ffbf0d6a000 	C:\Windows\SYSTEM32\VERSION.dll
0x00007ffc014f0000 - 0x00007ffc01813000 	C:\Windows\System32\combase.dll
0x00007ffbfe9c0000 - 0x00007ffbfea3a000 	C:\Windows\System32\bcryptPrimitives.dll
0x00007ffbff210000 - 0x00007ffbff23d000 	C:\Windows\System32\IMM32.DLL
0x00007ffbed730000 - 0x00007ffbed746000 	C:\Program Files\Java\jdk-11\bin\vcruntime140.dll
0x00007ffbed680000 - 0x00007ffbed72a000 	C:\Program Files\Java\jdk-11\bin\msvcp140.dll
0x00007ffbd1000000 - 0x00007ffbd1b42000 	C:\Program Files\Java\jdk-11\bin\server\jvm.dll
0x00007ffbfff10000 - 0x00007ffbfff18000 	C:\Windows\System32\PSAPI.DLL
0x00007ffbfc730000 - 0x00007ffbfc739000 	C:\Windows\SYSTEM32\WSOCK32.dll
0x00007ffbf81f0000 - 0x00007ffbf8213000 	C:\Windows\SYSTEM32\WINMM.dll
0x00007ffbffd00000 - 0x00007ffbffd6c000 	C:\Windows\System32\WS2_32.dll
0x00007ffbf8010000 - 0x00007ffbf803a000 	C:\Windows\SYSTEM32\WINMMBASE.dll
0x00007ffbfec90000 - 0x00007ffbfecd9000 	C:\Windows\System32\cfgmgr32.dll
0x00007ffbfdc00000 - 0x00007ffbfdc11000 	C:\Windows\System32\kernel.appcore.dll
0x00007ffbd0fe0000 - 0x00007ffbd0ff1000 	C:\Program Files\Java\jdk-11\bin\verify.dll
0x00007ffbfc560000 - 0x00007ffbfc729000 	C:\Windows\SYSTEM32\DBGHELP.DLL
0x00007ffbef1e0000 - 0x00007ffbef209000 	C:\Windows\SYSTEM32\dbgcore.DLL
0x00007ffbd0fb0000 - 0x00007ffbd0fd9000 	C:\Program Files\Java\jdk-11\bin\java.dll
0x00007ffbd0f90000 - 0x00007ffbd0fa6000 	C:\Program Files\Java\jdk-11\bin\zip.dll
0x00007ffbd0f80000 - 0x00007ffbd0f8a000 	C:\Program Files\Java\jdk-11\bin\jimage.dll

dbghelp: loaded successfully - version: 4.0.5 - missing functions: none
symbol engine: initialized successfully - sym options: 0x614 - pdb path: .;C:\Program Files\Java\jdk-11\bin;C:\Windows\SYSTEM32;C:\Windows\WinSxS\amd64_microsoft.windows.common-controls_6595b64144ccf1df_6.0.17134.320_none_fb3d992f3069e403;C:\Program Files\Java\jdk-11\bin\server

VM Arguments:
jvm_args: -Dfile.encoding=Cp1252 
java_command: com.usp.testc
java_class_path (initial): C:\Users\Annapurna.Badiger\eclipse-workspace\ann\uspcollege\bin;C:\Users\Annapurna.Badiger\Downloads\selenium-server-2.40.0\selenium-2.40.0\lib2\selenium-server-standalone-2.40.0.jar
Launcher Type: SUN_STANDARD

[Global flags]
     intx CICompilerCount                          = 4                                         {product} {ergonomic}
     uint ConcGCThreads                            = 2                                         {product} {ergonomic}
     uint G1ConcRefinementThreads                  = 8                                         {product} {ergonomic}
   size_t G1HeapRegionSize                         = 1048576                                   {product} {ergonomic}
    uintx GCDrainStackTargetSize                   = 64                                        {product} {ergonomic}
   size_t InitialHeapSize                          = 264241152                                 {product} {ergonomic}
   size_t MarkStackSize                            = 4194304                                   {product} {ergonomic}
   size_t MaxHeapSize                              = 4200595456                                {product} {ergonomic}
   size_t MinHeapDeltaBytes                        = 1048576                                   {product} {ergonomic}
    uintx NonNMethodCodeHeapSize                   = 5835340                                {pd product} {ergonomic}
    uintx NonProfiledCodeHeapSize                  = 122911450                              {pd product} {ergonomic}
    uintx ProfiledCodeHeapSize                     = 122911450                              {pd product} {ergonomic}
    uintx ReservedCodeCacheSize                    = 251658240                              {pd product} {ergonomic}
     bool SegmentedCodeCache                       = true                                      {product} {ergonomic}
     bool UseCompressedClassPointers               = true                                 {lp64_product} {ergonomic}
     bool UseCompressedOops                        = true                                 {lp64_product} {ergonomic}
     bool UseG1GC                                  = true                                      {product} {ergonomic}
     bool UseLargePagesIndividualAllocation        = false                                  {pd product} {ergonomic}

Logging:
Log output configuration:
 #0: stdout all=warning uptime,level,tags
 #1: stderr all=off uptime,level,tags

Environment Variables:
PATH=C:/Program Files/Java/jdk-11/bin/server;C:/Program Files/Java/jdk-11/bin;C:\Windows\system32;C:\Windows;C:\Windows\System32\Wbem;C:\Windows\System32\WindowsPowerShell\v1.0\;C:\Windows\System32\OpenSSH\;C:\Program Files\Java\jdk-11\bin;C:\Program Files\Git\cmd;C:\Users\Annapurna.Badiger\AppData\Local\Microsoft\WindowsApps;;C:\Users\Annapurna.Badiger\Desktop;
USERNAME=Annapurna.Badiger
OS=Windows_NT
PROCESSOR_IDENTIFIER=Intel64 Family 6 Model 94 Stepping 3, GenuineIntel



---------------  S Y S T E M  ---------------

OS: Windows 10 , 64 bit Build 17134 (10.0.17134.1)

CPU:total 8 (initial active 8) (4 cores per cpu, 2 threads per core) family 6 model 94 stepping 3, cmov, cx8, fxsr, mmx, sse, sse2, sse3, ssse3, sse4.1, sse4.2, popcnt, avx, avx2, aes, clmul, erms, rtm, 3dnowpref, lzcnt, ht, tsc, tscinvbit, bmi1, bmi2, adx, fma

Memory: 4k page, system-wide physical 16019M (8650M free)
TotalPageFile size 46475M (AvailPageFile size 131M)
current process WorkingSet (physical memory assigned to process): 9M, peak: 9M
current process commit charge ("private bytes"): 61M, peak: 312M

vm_info: Java HotSpot(TM) 64-Bit Server VM (11+28) for windows-amd64 JRE (11+28), built on Aug 23 2018 03:03:59 by "mach5one" with MS VC++ 15.5 (VS2017)

END.
